C:\USERS\LUBOS\DOCUMENTS\VISUAL STUDIO 2010\PROJECTS\GAME\GAME\RELEASE\ANIMATEDOBJECT.OBJ
C:\USERS\LUBOS\DOCUMENTS\VISUAL STUDIO 2010\PROJECTS\GAME\GAME\RELEASE\BOUNDINGVOLUME.OBJ
C:\USERS\LUBOS\DOCUMENTS\VISUAL STUDIO 2010\PROJECTS\GAME\GAME\RELEASE\BULLET.OBJ
C:\Users\lubos\Documents\Visual Studio 2010\Projects\game\game\Release\cl.command.1.tlog
C:\Users\lubos\Documents\Visual Studio 2010\Projects\game\game\Release\CL.read.1.tlog
C:\Users\lubos\Documents\Visual Studio 2010\Projects\game\game\Release\CL.write.1.tlog
C:\USERS\LUBOS\DOCUMENTS\VISUAL STUDIO 2010\PROJECTS\GAME\GAME\RELEASE\DEVICEENUMERATION.OBJ
C:\USERS\LUBOS\DOCUMENTS\VISUAL STUDIO 2010\PROJECTS\GAME\GAME\RELEASE\ENGINE.EXE.INTERMEDIATE.MANIFEST
C:\USERS\LUBOS\DOCUMENTS\VISUAL STUDIO 2010\PROJECTS\GAME\GAME\RELEASE\ENGINE.OBJ
C:\USERS\LUBOS\DOCUMENTS\VISUAL STUDIO 2010\PROJECTS\GAME\GAME\RELEASE\FONT.OBJ
C:\USERS\LUBOS\DOCUMENTS\VISUAL STUDIO 2010\PROJECTS\GAME\GAME\RELEASE\GAME.OBJ
C:\USERS\LUBOS\DOCUMENTS\VISUAL STUDIO 2010\PROJECTS\GAME\GAME\RELEASE\GAME.RES
C:\USERS\LUBOS\DOCUMENTS\VISUAL STUDIO 2010\PROJECTS\GAME\GAME\RELEASE\GAMEMATERIAL.OBJ
C:\USERS\LUBOS\DOCUMENTS\VISUAL STUDIO 2010\PROJECTS\GAME\GAME\RELEASE\INPUT.OBJ
C:\Users\lubos\Documents\Visual Studio 2010\Projects\game\game\Release\link.command.1.tlog
C:\Users\lubos\Documents\Visual Studio 2010\Projects\game\game\Release\link.read.1.tlog
C:\Users\lubos\Documents\Visual Studio 2010\Projects\game\game\Release\link.write.1.tlog
C:\Users\lubos\Documents\Visual Studio 2010\Projects\game\game\Release\link-cvtres.read.1.tlog
C:\Users\lubos\Documents\Visual Studio 2010\Projects\game\game\Release\link-cvtres.write.1.tlog
C:\USERS\LUBOS\DOCUMENTS\VISUAL STUDIO 2010\PROJECTS\GAME\GAME\RELEASE\MAIN.OBJ
C:\USERS\LUBOS\DOCUMENTS\VISUAL STUDIO 2010\PROJECTS\GAME\GAME\RELEASE\MATERIAL.OBJ
C:\USERS\LUBOS\DOCUMENTS\VISUAL STUDIO 2010\PROJECTS\GAME\GAME\RELEASE\MENU.OBJ
C:\USERS\LUBOS\DOCUMENTS\VISUAL STUDIO 2010\PROJECTS\GAME\GAME\RELEASE\MESH.OBJ
C:\Users\lubos\Documents\Visual Studio 2010\Projects\game\game\Release\mt.command.1.tlog
C:\Users\lubos\Documents\Visual Studio 2010\Projects\game\game\Release\mt.read.1.tlog
C:\Users\lubos\Documents\Visual Studio 2010\Projects\game\game\Release\mt.write.1.tlog
C:\USERS\LUBOS\DOCUMENTS\VISUAL STUDIO 2010\PROJECTS\GAME\GAME\RELEASE\NETWORK.OBJ
C:\USERS\LUBOS\DOCUMENTS\VISUAL STUDIO 2010\PROJECTS\GAME\GAME\RELEASE\PLAYERMANAGER.OBJ
C:\USERS\LUBOS\DOCUMENTS\VISUAL STUDIO 2010\PROJECTS\GAME\GAME\RELEASE\PLAYEROBJECT.OBJ
C:\Users\lubos\Documents\Visual Studio 2010\Projects\game\game\Release\rc.command.1.tlog
C:\Users\lubos\Documents\Visual Studio 2010\Projects\game\game\Release\rc.read.1.tlog
C:\Users\lubos\Documents\Visual Studio 2010\Projects\game\game\Release\rc.write.1.tlog
C:\USERS\LUBOS\DOCUMENTS\VISUAL STUDIO 2010\PROJECTS\GAME\GAME\RELEASE\RENDERCACHE.OBJ
C:\USERS\LUBOS\DOCUMENTS\VISUAL STUDIO 2010\PROJECTS\GAME\GAME\RELEASE\SCENEMANAGER.OBJ
C:\USERS\LUBOS\DOCUMENTS\VISUAL STUDIO 2010\PROJECTS\GAME\GAME\RELEASE\SCENEOBJECT.OBJ
C:\USERS\LUBOS\DOCUMENTS\VISUAL STUDIO 2010\PROJECTS\GAME\GAME\RELEASE\SCRIPTING.OBJ
C:\USERS\LUBOS\DOCUMENTS\VISUAL STUDIO 2010\PROJECTS\GAME\GAME\RELEASE\SOUNDSYSTEM.OBJ
C:\USERS\LUBOS\DOCUMENTS\VISUAL STUDIO 2010\PROJECTS\GAME\GAME\RELEASE\SPAWNEROBJECT.OBJ
C:\USERS\LUBOS\DOCUMENTS\VISUAL STUDIO 2010\PROJECTS\GAME\GAME\RELEASE\STATE.OBJ
C:\USERS\LUBOS\DOCUMENTS\VISUAL STUDIO 2010\PROJECTS\GAME\GAME\RELEASE\VC100.PDB
C:\USERS\LUBOS\DOCUMENTS\VISUAL STUDIO 2010\PROJECTS\GAME\GAME\RELEASE\VIEWFRUSTUM.OBJ
C:\USERS\LUBOS\DOCUMENTS\VISUAL STUDIO 2010\PROJECTS\GAME\GAME\RELEASE\WEAPON.OBJ
C:\USERS\LUBOS\DOCUMENTS\VISUAL STUDIO 2010\PROJECTS\GAME\RELEASE\ENGINE.EXE
C:\USERS\LUBOS\DOCUMENTS\VISUAL STUDIO 2010\PROJECTS\GAME\RELEASE\ENGINE.PDB
